<?xml version="1.0" encoding="UTF-8"?>
<testsuite name="Tests" tests="1" skipped="0" failures="0" errors="0" timestamp="2023-04-29T18:23:56" hostname="LAPTOP-EV63DGCF" time="0.014">
  <properties/>
  <testcase name="test()" classname="Tests" time="0.014"/>
  <system-out><![CDATA[]]></system-out>
  <system-err><![CDATA[]]></system-err>
</testsuite>
